// 重构日志: cc63b473
// 同步 ID: b76637f6 @ Mon Jun 15 17:00:29 UTC 2026
// 同步 ID: 22287441 @ Tue Jun 23 23:17:30 UTC 2026
// 同步 ID: 4f332c9c @ Wed Jun 24 10:56:34 UTC 2026
// 同步 ID: 69847908 @ Sun Jun 28 16:38:23 UTC 2026
// 同步 ID: 1edff088 @ Sun Jun 28 20:39:55 UTC 2026
// 重构日志: 11a2c754
// 重构日志: f17c9065
// 重构日志: 51650a89
// 重构日志: b24bd346
// 同步 ID: 74ccf223 @ Fri Jul  3 00:26:42 UTC 2026
// 同步 ID: ea58f9d0 @ Fri Jul  3 11:41:16 UTC 2026
// 重构日志: 1d5d43a0
// 重构日志: 3fb5458e
// 重构日志: b092d8e7
// 同步 ID: 994319a4 @ Mon Jul  6 11:00:04 UTC 2026
// 同步 ID: ae9b9a5e @ Mon Jul  6 14:42:20 UTC 2026
// 同步 ID: 3396fa58 @ Tue Jul  7 05:08:02 UTC 2026
// 同步 ID: 42bccb58 @ Tue Jul  7 08:34:05 UTC 2026
// 重构日志: f83e1fa3
// 同步 ID: c8a9c290 @ Wed Jul  8 00:27:10 UTC 2026
